AttendanceRegister/app/build/outputs/logs/manifest-merger-debug-report.txt
-- Merging decision tree log ---
manifest
ADDED from src\main\AndroidManifest.xml:2:1-41:12
INJECTED from src\main\AndroidManifest.xml:2:1-41:12
INJECTED from src\main\AndroidManifest.xml:2:1-41:12
INJECTED from src\main\AndroidManifest.xml:2:1-41:12
MERGED from [:app-release:] AndroidManifest.xml:2:1-108:12
MERGED from [com.android.support:multidex:1.0.2] AndroidManifest.xml:17:1-22:12
MERGED from [com.android.support.constraint:constraint-layout:1.0.2] AndroidManifest.xml:2:1-11:12
MERGED from [com.android.support:appcompat-v7:26.0.1] AndroidManifest.xml:17:1-31:12
MERGED from [com.android.support:support-v4:26.0.1] AndroidManifest.xml:17:1-31:12
MERGED from [com.android.support:animated-vector-drawable:26.0.1] AndroidManifest.xml:17:1-28:12
MERGED from [com.android.support:support-vector-drawable:26.0.1] AndroidManifest.xml:17:1-28:12
MERGED from [com.android.support:support-media-compat:26.0.1] AndroidManifest.xml:17:1-31:12
MERGED from [com.android.support:support-fragment:26.0.1] AndroidManifest.xml:17:1-31:12
MERGED from [com.android.support:support-core-utils:26.0.1] AndroidManifest.xml:17:1-31:12
MERGED from [com.android.support:support-core-ui:26.0.1] AndroidManifest.xml:17:1-31:12
MERGED from [com.android.support:support-compat:26.0.1] AndroidManifest.xml:17:1-31:12
INJECTED from src\main\AndroidManifest.xml:2:1-41:12
INJECTED from src\main\AndroidManifest.xml:2:1-41:12
INJECTED from src\main\AndroidManifest.xml:2:1-41:12
	package
		ADDED from src\main\AndroidManifest.xml:3:5-48
		INJECTED from src\main\AndroidManifest.xml
		INJECTED from src\main\AndroidManifest.xml
	android:versionName
		INJECTED from src\main\AndroidManifest.xml
		ADDED from src\main\AndroidManifest.xml:2:1-41:12
		INJECTED from src\main\AndroidManifest.xml
	android:versionCode
		INJECTED from src\main\AndroidManifest.xml
		ADDED from src\main\AndroidManifest.xml:2:1-41:12
		INJECTED from src\main\AndroidManifest.xml
	xmlns:android
		ADDED from src\main\AndroidManifest.xml:2:11-69
uses-permission#android.permission.ACCESS_NETWORK_STATE
ADDED from src\main\AndroidManifest.xml:4:5-79
MERGED from [:app-release:] AndroidManifest.xml:13:5-79
MERGED from [:app-release:] AndroidManifest.xml:13:5-79
	android:name
		ADDED from src\main\AndroidManifest.xml:4:22-76
uses-permission#android.permission.DISABLE_KEYGUARD
ADDED from src\main\AndroidManifest.xml:5:5-74
MERGED from [:app-release:] AndroidManifest.xml:14:5-75
MERGED from [:app-release:] AndroidManifest.xml:14:5-75
	android:name
		ADDED from src\main\AndroidManifest.xml:5:22-72
uses-permission#android.permission.WAKE_LOCK
ADDED from src\main\AndroidManifest.xml:6:5-68
MERGED from [:app-release:] AndroidManifest.xml:15:5-68
MERGED from [:app-release:] AndroidManifest.xml:15:5-68
	android:name
		ADDED from src\main\AndroidManifest.xml:6:22-65
uses-permission#android.permission.ACCESS_WIFI_STATE
ADDED from src\main\AndroidManifest.xml:7:5-76
MERGED from [:app-release:] AndroidManifest.xml:16:5-76
MERGED from [:app-release:] AndroidManifest.xml:16:5-76
	android:name
		ADDED from src\main\AndroidManifest.xml:7:22-73
uses-permission#android.permission.CHANGE_WIFI_STATE
ADDED from src\main\AndroidManifest.xml:8:5-76
MERGED from [:app-release:] AndroidManifest.xml:17:5-76
MERGED from [:app-release:] AndroidManifest.xml:17:5-76
	android:name
		ADDED from src\main\AndroidManifest.xml:8:22-73
uses-permission#android.permission.INTERNET
ADDED from src\main\AndroidManifest.xml:9:5-67
MERGED from [:app-release:] AndroidManifest.xml:18:5-67
MERGED from [:app-release:] AndroidManifest.xml:18:5-67
	android:name
		ADDED from src\main\AndroidManifest.xml:9:22-64
uses-permission#android.permission.READ_PHONE_STATE
ADDED from src\main\AndroidManifest.xml:10:5-75
MERGED from [:app-release:] AndroidManifest.xml:19:5-75
MERGED from [:app-release:] AndroidManifest.xml:19:5-75
	android:name
		ADDED from src\main\AndroidManifest.xml:10:22-72
uses-permission#com.android.alarm.permission.SET_ALARM
ADDED from src\main\AndroidManifest.xml:11:5-78
MERGED from [:app-release:] AndroidManifest.xml:20:5-78
MERGED from [:app-release:] AndroidManifest.xml:20:5-78
	android:name
		ADDED from src\main\AndroidManifest.xml:11:22-75
uses-permission#android.permission.VIBRATE
ADDED from src\main\AndroidManifest.xml:12:5-66
MERGED from [:app-release:] AndroidManifest.xml:21:5-66
MERGED from [:app-release:] AndroidManifest.xml:21:5-66
	android:name
		ADDED from src\main\AndroidManifest.xml:12:22-63
uses-permission#android.permission.WRITE_EXTERNAL_STORAGE
ADDED from src\main\AndroidManifest.xml:13:5-81
MERGED from [:app-release:] AndroidManifest.xml:22:5-81
MERGED from [:app-release:] AndroidManifest.xml:22:5-81
	android:name
		ADDED from src\main\AndroidManifest.xml:13:22-78
uses-permission#com.google.android.gms.permission.ACTIVITY_RECOGNITION
ADDED from src\main\AndroidManifest.xml:14:5-94
MERGED from [:app-release:] AndroidManifest.xml:23:5-94
MERGED from [:app-release:] AndroidManifest.xml:23:5-94
	android:name
		ADDED from src\main\AndroidManifest.xml:14:22-91
uses-permission#android.permission.READ_EXTERNAL_STORAGE
ADDED from src\main\AndroidManifest.xml:15:5-80
MERGED from [:app-release:] AndroidManifest.xml:24:5-80
MERGED from [:app-release:] AndroidManifest.xml:24:5-80
	android:name
		ADDED from src\main\AndroidManifest.xml:15:22-77
uses-permission#android.permission.RECORD_AUDIO
ADDED from src\main\AndroidManifest.xml:16:5-71
MERGED from [:app-release:] AndroidManifest.xml:25:5-71
MERGED from [:app-release:] AndroidManifest.xml:25:5-71
	android:name
		ADDED from src\main\AndroidManifest.xml:16:22-68
uses-permission#android.permission.ACCESS_FINE_LOCATION
ADDED from src\main\AndroidManifest.xml:17:5-79
MERGED from [:app-release:] AndroidManifest.xml:26:5-79
MERGED from [:app-release:] AndroidManifest.xml:26:5-79
	android:name
		ADDED from src\main\AndroidManifest.xml:17:22-76
uses-permission#android.permission.WRITE_SETTINGS
ADDED from src\main\AndroidManifest.xml:18:5-73
MERGED from [:app-release:] AndroidManifest.xml:27:5-73
MERGED from [:app-release:] AndroidManifest.xml:27:5-73
	android:name
		ADDED from src\main\AndroidManifest.xml:18:22-70
application
ADDED from src\main\AndroidManifest.xml:21:5-39:19
MERGED from [:app-release:] AndroidManifest.xml:29:5-106:19
MERGED from [:app-release:] AndroidManifest.xml:29:5-106:19
MERGED from [com.android.support.constraint:constraint-layout:1.0.2] AndroidManifest.xml:9:5-20
MERGED from [com.android.support.constraint:constraint-layout:1.0.2] AndroidManifest.xml:9:5-20
MERGED from [com.android.support:appcompat-v7:26.0.1] AndroidManifest.xml:25:5-29:19
MERGED from [com.android.support:appcompat-v7:26.0.1] AndroidManifest.xml:25:5-29:19
MERGED from [com.android.support:support-v4:26.0.1] AndroidManifest.xml:25:5-29:19
MERGED from [com.android.support:support-v4:26.0.1] AndroidManifest.xml:25:5-29:19
MERGED from [com.android.support:animated-vector-drawable:26.0.1] AndroidManifest.xml:22:5-26:19
MERGED from [com.android.support:animated-vector-drawable:26.0.1] AndroidManifest.xml:22:5-26:19
MERGED from [com.android.support:support-vector-drawable:26.0.1] AndroidManifest.xml:22:5-26:19
MERGED from [com.android.support:support-vector-drawable:26.0.1] AndroidManifest.xml:22:5-26:19
MERGED from [com.android.support:support-media-compat:26.0.1] AndroidManifest.xml:25:5-29:19
MERGED from [com.android.support:support-media-compat:26.0.1] AndroidManifest.xml:25:5-29:19
MERGED from [com.android.support:support-fragment:26.0.1] AndroidManifest.xml:25:5-29:19
MERGED from [com.android.support:support-fragment:26.0.1] AndroidManifest.xml:25:5-29:19
MERGED from [com.android.support:support-core-utils:26.0.1] AndroidManifest.xml:25:5-29:19
MERGED from [com.android.support:support-core-utils:26.0.1] AndroidManifest.xml:25:5-29:19
MERGED from [com.android.support:support-core-ui:26.0.1] AndroidManifest.xml:25:5-29:19
MERGED from [com.android.support:support-core-ui:26.0.1] AndroidManifest.xml:25:5-29:19
MERGED from [com.android.support:support-compat:26.0.1] AndroidManifest.xml:25:5-29:19
MERGED from [com.android.support:support-compat:26.0.1] AndroidManifest.xml:25:5-29:19
	android:supportsRtl
		ADDED from src\main\AndroidManifest.xml:26:9-35
	android:label
		ADDED from src\main\AndroidManifest.xml:24:9-41
	android:roundIcon
		ADDED from src\main\AndroidManifest.xml:25:9-54
	android:icon
		ADDED from src\main\AndroidManifest.xml:23:9-43
	android:allowBackup
		ADDED from src\main\AndroidManifest.xml:22:9-35
	android:theme
		ADDED from src\main\AndroidManifest.xml:27:9-40
activity#iiitd.gritlab.attendance_register.MainActivity
ADDED from src\main\AndroidManifest.xml:28:9-33:20
	android:name
		ADDED from src\main\AndroidManifest.xml:28:19-47
uses-sdk
INJECTED from src\main\AndroidManifest.xml reason: use-sdk injection requested
INJECTED from src\main\AndroidManifest.xml
INJECTED from src\main\AndroidManifest.xml
MERGED from [:app-release:] AndroidManifest.xml:7:5-9:41
MERGED from [:app-release:] AndroidManifest.xml:7:5-9:41
MERGED from [com.android.support:multidex:1.0.2] AndroidManifest.xml:20:5-43
MERGED from [com.android.support:multidex:1.0.2] AndroidManifest.xml:20:5-43
MERGED from [com.android.support.constraint:constraint-layout:1.0.2] AndroidManifest.xml:5:5-7:41
MERGED from [com.android.support.constraint:constraint-layout:1.0.2] AndroidManifest.xml:5:5-7:41
MERGED from [com.android.support:appcompat-v7:26.0.1] AndroidManifest.xml:21:5-23:78
MERGED from [com.android.support:appcompat-v7:26.0.1] AndroidManifest.xml:21:5-23:78
MERGED from [com.android.support:support-v4:26.0.1] AndroidManifest.xml:21:5-23:54
MERGED from [com.android.support:support-v4:26.0.1] AndroidManifest.xml:21:5-23:54
MERGED from [com.android.support:animated-vector-drawable:26.0.1] AndroidManifest.xml:20:5-44
MERGED from [com.android.support:animated-vector-drawable:26.0.1] AndroidManifest.xml:20:5-44
MERGED from [com.android.support:support-vector-drawable:26.0.1] AndroidManifest.xml:20:5-44
MERGED from [com.android.support:support-vector-drawable:26.0.1] AndroidManifest.xml:20:5-44
MERGED from [com.android.support:support-media-compat:26.0.1] AndroidManifest.xml:21:5-23:63
MERGED from [com.android.support:support-media-compat:26.0.1] AndroidManifest.xml:21:5-23:63
MERGED from [com.android.support:support-fragment:26.0.1] AndroidManifest.xml:21:5-23:60
MERGED from [com.android.support:support-fragment:26.0.1] AndroidManifest.xml:21:5-23:60
MERGED from [com.android.support:support-core-utils:26.0.1] AndroidManifest.xml:21:5-23:61
MERGED from [com.android.support:support-core-utils:26.0.1] AndroidManifest.xml:21:5-23:61
MERGED from [com.android.support:support-core-ui:26.0.1] AndroidManifest.xml:21:5-23:58
MERGED from [com.android.support:support-core-ui:26.0.1] AndroidManifest.xml:21:5-23:58
MERGED from [com.android.support:support-compat:26.0.1] AndroidManifest.xml:21:5-23:58
MERGED from [com.android.support:support-compat:26.0.1] AndroidManifest.xml:21:5-23:58
INJECTED from src\main\AndroidManifest.xml
INJECTED from src\main\AndroidManifest.xml
	tools:overrideLibrary
		ADDED from [com.android.support:appcompat-v7:26.0.1] AndroidManifest.xml:23:9-75
	android:targetSdkVersion
		INJECTED from src\main\AndroidManifest.xml
		ADDED from src\main\AndroidManifest.xml
		INJECTED from src\main\AndroidManifest.xml
	android:minSdkVersion
		INJECTED from src\main\AndroidManifest.xml
		ADDED from src\main\AndroidManifest.xml
		INJECTED from src\main\AndroidManifest.xml
supports-screens
ADDED from [:app-release:] AndroidManifest.xml:11:5-54
	android:xlargeScreens
		ADDED from [:app-release:] AndroidManifest.xml:11:23-51
activity#recruitment.iiitd.edu.mew.HomeScreen
ADDED from [:app-release:] AndroidManifest.xml:34:9-44:20
	android:label
		ADDED from [:app-release:] AndroidManifest.xml:37:13-45
	android:launchMode
		ADDED from [:app-release:] AndroidManifest.xml:38:13-48
	android:alwaysRetainTaskState
		ADDED from [:app-release:] AndroidManifest.xml:36:13-49
	android:name
		ADDED from [:app-release:] AndroidManifest.xml:35:13-64
intent-filter#android.intent.action.MAIN+android.intent.category.LAUNCHER
ADDED from [:app-release:] AndroidManifest.xml:39:13-43:29
action#android.intent.action.MAIN
ADDED from [:app-release:] AndroidManifest.xml:40:17-69
	android:name
		ADDED from [:app-release:] AndroidManifest.xml:40:25-66
category#android.intent.category.LAUNCHER
ADDED from [:app-release:] AndroidManifest.xml:42:17-77
	android:name
		ADDED from [:app-release:] AndroidManifest.xml:42:27-74
receiver#recruitment.iiitd.edu.rabbitmq.SubscribeReceiver
ADDED from [:app-release:] AndroidManifest.xml:46:9-53:20
	android:enabled
		ADDED from [:app-release:] AndroidManifest.xml:48:13-35
	android:exported
		ADDED from [:app-release:] AndroidManifest.xml:49:13-37
	android:name
		ADDED from [:app-release:] AndroidManifest.xml:47:13-76
intent-filter#recruitment.iiitd.edu.amqpIntent.BROADCAST
ADDED from [:app-release:] AndroidManifest.xml:50:13-52:29
action#recruitment.iiitd.edu.amqpIntent.BROADCAST
ADDED from [:app-release:] AndroidManifest.xml:51:17-85
	android:name
		ADDED from [:app-release:] AndroidManifest.xml:51:25-82
receiver#recruitment.iiitd.edu.mew.MyAdmin
ADDED from [:app-release:] AndroidManifest.xml:54:9-64:20
	android:permission
		ADDED from [:app-release:] AndroidManifest.xml:56:13-70
	android:name
		ADDED from [:app-release:] AndroidManifest.xml:55:13-61
meta-data#android.app.device_admin
ADDED from [:app-release:] AndroidManifest.xml:57:13-59:52
	android:resource
		ADDED from [:app-release:] AndroidManifest.xml:59:17-49
	android:name
		ADDED from [:app-release:] AndroidManifest.xml:58:17-56
intent-filter#android.app.action.DEVICE_ADMIN_ENABLED
ADDED from [:app-release:] AndroidManifest.xml:61:13-63:29
action#android.app.action.DEVICE_ADMIN_ENABLED
ADDED from [:app-release:] AndroidManifest.xml:62:17-82
	android:name
		ADDED from [:app-release:] AndroidManifest.xml:62:25-79
receiver#recruitment.iiitd.edu.mew.StartScreen
ADDED from [:app-release:] AndroidManifest.xml:65:9-74
	android:name
		ADDED from [:app-release:] AndroidManifest.xml:65:19-71
receiver#recruitment.iiitd.edu.mew.StopScreen
ADDED from [:app-release:] AndroidManifest.xml:66:9-73
	android:name
		ADDED from [:app-release:] AndroidManifest.xml:66:19-70
service#recruitment.iiitd.edu.mew.ExtractParameters
ADDED from [:app-release:] AndroidManifest.xml:68:9-70:38
	android:enabled
		ADDED from [:app-release:] AndroidManifest.xml:70:13-35
	android:name
		ADDED from [:app-release:] AndroidManifest.xml:69:13-71
service#recruitment.iiitd.edu.mew.RunningApplications
ADDED from [:app-release:] AndroidManifest.xml:71:9-81
	android:name
		ADDED from [:app-release:] AndroidManifest.xml:71:18-78
receiver#recruitment.iiitd.edu.mew.NetworkChangeReceiver
ADDED from [:app-release:] AndroidManifest.xml:73:9-80:20
	android:label
		ADDED from [:app-release:] AndroidManifest.xml:75:13-50
	android:name
		ADDED from [:app-release:] AndroidManifest.xml:74:13-75
intent-filter#android.net.conn.CONNECTIVITY_CHANGE+android.net.wifi.WIFI_STATE_CHANGED
ADDED from [:app-release:] AndroidManifest.xml:76:13-79:29
action#android.net.conn.CONNECTIVITY_CHANGE
ADDED from [:app-release:] AndroidManifest.xml:77:17-79
	android:name
		ADDED from [:app-release:] AndroidManifest.xml:77:25-76
action#android.net.wifi.WIFI_STATE_CHANGED
ADDED from [:app-release:] AndroidManifest.xml:78:17-78
	android:name
		ADDED from [:app-release:] AndroidManifest.xml:78:25-75
activity#recruitment.iiitd.edu.mew.QueryForm
ADDED from [:app-release:] AndroidManifest.xml:82:9-89:20
	android:parentActivityName
		ADDED from [:app-release:] AndroidManifest.xml:85:13-78
	android:label
		ADDED from [:app-release:] AndroidManifest.xml:84:13-62
	android:name
		ADDED from [:app-release:] AndroidManifest.xml:83:13-63
meta-data#android.support.PARENT_ACTIVITY
ADDED from [:app-release:] AndroidManifest.xml:86:13-88:72
	android:value
		ADDED from [:app-release:] AndroidManifest.xml:88:17-69
	android:name
		ADDED from [:app-release:] AndroidManifest.xml:87:17-63
activity#recruitment.iiitd.edu.mew.SettingsActivity
ADDED from [:app-release:] AndroidManifest.xml:90:9-97:20
	android:parentActivityName
		ADDED from [:app-release:] AndroidManifest.xml:93:13-78
	android:label
		ADDED from [:app-release:] AndroidManifest.xml:92:13-60
	android:name
		ADDED from [:app-release:] AndroidManifest.xml:91:13-70
service#recruitment.iiitd.edu.sensing.SensorReadings
ADDED from [:app-release:] AndroidManifest.xml:99:9-80
	android:name
		ADDED from [:app-release:] AndroidManifest.xml:99:18-77
receiver#recruitment.iiitd.edu.sensing.AlarmReceiver
ADDED from [:app-release:] AndroidManifest.xml:101:9-105:20
	android:name
		ADDED from [:app-release:] AndroidManifest.xml:101:19-77
intent-filter#recruitment.iiitd.edu.subscription.DATACOLLECTION
ADDED from [:app-release:] AndroidManifest.xml:102:13-104:29
action#recruitment.iiitd.edu.subscription.DATACOLLECTION
ADDED from [:app-release:] AndroidManifest.xml:103:17-92
	android:name
		ADDED from [:app-release:] AndroidManifest.xml:103:25-89
meta-data#android.support.VERSION
ADDED from [com.android.support:appcompat-v7:26.0.1] AndroidManifest.xml:26:9-28:38
MERGED from [com.android.support:support-v4:26.0.1] AndroidManifest.xml:26:9-28:38
MERGED from [com.android.support:support-v4:26.0.1] AndroidManifest.xml:26:9-28:38
MERGED from [com.android.support:animated-vector-drawable:26.0.1] AndroidManifest.xml:23:9-25:38
MERGED from [com.android.support:animated-vector-drawable:26.0.1] AndroidManifest.xml:23:9-25:38
MERGED from [com.android.support:support-vector-drawable:26.0.1] AndroidManifest.xml:23:9-25:38
MERGED from [com.android.support:support-vector-drawable:26.0.1] AndroidManifest.xml:23:9-25:38
MERGED from [com.android.support:support-media-compat:26.0.1] AndroidManifest.xml:26:9-28:38
MERGED from [com.android.support:support-media-compat:26.0.1] AndroidManifest.xml:26:9-28:38
MERGED from [com.android.support:support-fragment:26.0.1] AndroidManifest.xml:26:9-28:38
MERGED from [com.android.support:support-fragment:26.0.1] AndroidManifest.xml:26:9-28:38
MERGED from [com.android.support:support-core-utils:26.0.1] AndroidManifest.xml:26:9-28:38
MERGED from [com.android.support:support-core-utils:26.0.1] AndroidManifest.xml:26:9-28:38
MERGED from [com.android.support:support-core-ui:26.0.1] AndroidManifest.xml:26:9-28:38
MERGED from [com.android.support:support-core-ui:26.0.1] AndroidManifest.xml:26:9-28:38
MERGED from [com.android.support:support-compat:26.0.1] AndroidManifest.xml:26:9-28:38
MERGED from [com.android.support:support-compat:26.0.1] AndroidManifest.xml:26:9-28:38
	android:value
		ADDED from [com.android.support:appcompat-v7:26.0.1] AndroidManifest.xml:28:13-35
	android:name
		ADDED from [com.android.support:appcompat-v7:26.0.1] AndroidManifest.xml:27:13-51